#! /d/a/fpga-toolchain-build/fpga-toolchain-build/iverilog/_install/bin/vvp
:ivl_version "11.0 (stable)" "(d3b0992)";
:ivl_delay_selection "TYPICAL";
:vpi_time_precision + 0;
:vpi_module "C:\PROGRA~3\CHOCOL~1\lib\iverilog\tools\lib\ivl\system.vpi";
:vpi_module "C:\PROGRA~3\CHOCOL~1\lib\iverilog\tools\lib\ivl\vhdl_sys.vpi";
:vpi_module "C:\PROGRA~3\CHOCOL~1\lib\iverilog\tools\lib\ivl\vhdl_textio.vpi";
:vpi_module "C:\PROGRA~3\CHOCOL~1\lib\iverilog\tools\lib\ivl\v2005_math.vpi";
:vpi_module "C:\PROGRA~3\CHOCOL~1\lib\iverilog\tools\lib\ivl\va_math.vpi";
S_0000025ab0e8aaf0 .scope module, "datapath" "datapath" 2 8;
 .timescale 0 0;
L_0000025ab0eb2e50 .functor AND 1, L_0000025ab0f107d0, L_0000025ab0f10f50, C4<1>, C4<1>;
L_0000025ab1000088 .functor BUFT 1, C4<00000001>, C4<0>, C4<0>, C4<0>;
v0000025ab0f0cf90_0 .net/2u *"_ivl_2", 7 0, L_0000025ab1000088;  1 drivers
v0000025ab0f0c310_0 .net *"_ivl_9", 7 0, L_0000025ab0f0db70;  1 drivers
v0000025ab0f0cdb0_0 .net "aluin", 7 0, L_0000025ab0f0d210;  1 drivers
v0000025ab0f0c6d0_0 .net "aluop", 2 0, L_0000025ab0f0d8f0;  1 drivers
v0000025ab0f0c3b0_0 .net "aluordm", 0 0, L_0000025ab0f0d990;  1 drivers
v0000025ab0f0c450_0 .net "aluout", 7 0, v0000025ab0e80a60_0;  1 drivers
v0000025ab0f0ce50_0 .net "branch", 0 0, L_0000025ab0f107d0;  1 drivers
v0000025ab0f0de90_0 .net "branchi", 7 0, v0000025ab0f0a8a0_0;  1 drivers
v0000025ab0f0c770_0 .net "branchornext", 0 0, L_0000025ab0eb2e50;  1 drivers
v0000025ab0f0c4f0_0 .var "clk", 0 0;
v0000025ab0f0dad0_0 .net "data1", 7 0, v0000025ab0f0b980_0;  1 drivers
v0000025ab0f0df30_0 .net "data2", 7 0, v0000025ab0f0b700_0;  1 drivers
v0000025ab0f0ca90_0 .net "dmout", 7 0, L_0000025ab0f0fd30;  1 drivers
v0000025ab0f0c810_0 .net "finalvalue", 7 0, L_0000025ab0eb2c20;  1 drivers
v0000025ab0f0c270_0 .net "instruction", 23 0, L_0000025ab0eb2b40;  1 drivers
v0000025ab0f0c590_0 .net "memwrite", 0 0, L_0000025ab0f10e10;  1 drivers
v0000025ab0f0c8b0_0 .net "nexti", 7 0, L_0000025ab0f0d7b0;  1 drivers
v0000025ab0f0c9f0_0 .net "pcin", 7 0, L_0000025ab0f0d170;  1 drivers
v0000025ab0f0cb30_0 .net "pcout", 7 0, v0000025ab0f0a6c0_0;  1 drivers
v0000025ab0f0cbd0_0 .net "regwrite", 0 0, L_0000025ab0eb2750;  1 drivers
v0000025ab0f0d030_0 .net "rori", 0 0, L_0000025ab0f0f150;  1 drivers
v0000025ab0f0d0d0_0 .net "writedata", 7 0, L_0000025ab0f0dc10;  1 drivers
v0000025ab0f0d350_0 .net "zero", 0 0, L_0000025ab0f10f50;  1 drivers
L_0000025ab0f0d7b0 .arith/sum 8, v0000025ab0f0a6c0_0, L_0000025ab1000088;
L_0000025ab0f0d170 .functor MUXZ 8, L_0000025ab0f0d7b0, v0000025ab0f0a8a0_0, L_0000025ab0eb2e50, C4<>;
L_0000025ab0f0db70 .part L_0000025ab0eb2b40, 10, 8;
L_0000025ab0f0d210 .functor MUXZ 8, L_0000025ab0f0db70, v0000025ab0f0b700_0, L_0000025ab0f0f150, C4<>;
L_0000025ab0f0dc10 .functor MUXZ 8, L_0000025ab0f0fd30, v0000025ab0e80a60_0, L_0000025ab0f0d990, C4<>;
L_0000025ab0f0f1f0 .part L_0000025ab0eb2b40, 18, 6;
L_0000025ab0f10230 .part L_0000025ab0eb2b40, 5, 5;
L_0000025ab0f0f3d0 .part L_0000025ab0eb2b40, 10, 5;
L_0000025ab0f0fab0 .part L_0000025ab0eb2b40, 0, 5;
S_0000025ab0e8ac80 .scope module, "myAlu" "alu" 2 41, 3 7 0, S_0000025ab0e8aaf0;
 .timescale 0 0;
    .port_info 0 /INPUT 8 "a";
    .port_info 1 /INPUT 8 "b";
    .port_info 2 /INPUT 3 "ctrl";
    .port_info 3 /OUTPUT 8 "result";
    .port_info 4 /OUTPUT 1 "zero";
L_0000025ab0eb2360 .functor NOT 1, L_0000025ab0f109b0, C4<0>, C4<0>, C4<0>;
L_0000025ab0eb2ec0 .functor AND 1, L_0000025ab0f0f0b0, L_0000025ab0eb2360, C4<1>, C4<1>;
L_0000025ab0eb2d00 .functor AND 1, L_0000025ab0f0f0b0, L_0000025ab0f0f6f0, C4<1>, C4<1>;
L_0000025ab0eb2440 .functor OR 1, L_0000025ab0eb2ec0, L_0000025ab0eb2d00, C4<0>, C4<0>;
L_0000025ab0eb2600 .functor NOT 1, L_0000025ab0f109b0, C4<0>, C4<0>, C4<0>;
L_0000025ab0eb2130 .functor AND 1, L_0000025ab0eb2600, L_0000025ab0f0f6f0, C4<1>, C4<1>;
L_0000025ab0eb27c0 .functor OR 1, L_0000025ab0eb2440, L_0000025ab0eb2130, C4<0>, C4<0>;
v0000025ab0e7fca0_0 .net *"_ivl_18", 0 0, L_0000025ab0eb2360;  1 drivers
L_0000025ab1000310 .functor BUFT 1, C4<00000000000000000000000000000000>, C4<0>, C4<0>, C4<0>;
v0000025ab0e7fac0_0 .net/2u *"_ivl_2", 31 0, L_0000025ab1000310;  1 drivers
v0000025ab0e80240_0 .net *"_ivl_21", 0 0, L_0000025ab0eb2ec0;  1 drivers
v0000025ab0e802e0_0 .net *"_ivl_23", 0 0, L_0000025ab0eb2d00;  1 drivers
v0000025ab0e80740_0 .net *"_ivl_25", 0 0, L_0000025ab0eb2440;  1 drivers
v0000025ab0e80420_0 .net *"_ivl_26", 0 0, L_0000025ab0eb2600;  1 drivers
v0000025ab0e804c0_0 .net *"_ivl_29", 0 0, L_0000025ab0eb2130;  1 drivers
v0000025ab0e80560_0 .net *"_ivl_31", 0 0, L_0000025ab0eb27c0;  1 drivers
L_0000025ab10003a0 .functor BUFT 1, C4<0000000>, C4<0>, C4<0>, C4<0>;
v0000025ab0e807e0_0 .net *"_ivl_35", 6 0, L_0000025ab10003a0;  1 drivers
v0000025ab0e80880_0 .net *"_ivl_4", 31 0, L_0000025ab0f10c30;  1 drivers
L_0000025ab1000358 .functor BUFT 1, C4<000000000000000000000000>, C4<0>, C4<0>, C4<0>;
v0000025ab0e80920_0 .net *"_ivl_7", 23 0, L_0000025ab1000358;  1 drivers
v0000025ab0e80a60_0 .var "_result", 7 0;
v0000025ab0f0ab20_0 .net "a", 7 0, v0000025ab0f0b980_0;  alias, 1 drivers
v0000025ab0f0a3a0_0 .net "asign", 0 0, L_0000025ab0f0f0b0;  1 drivers
v0000025ab0f0b480_0 .net "b", 7 0, L_0000025ab0f0d210;  alias, 1 drivers
v0000025ab0f0bc00_0 .net "bsign", 0 0, L_0000025ab0f109b0;  1 drivers
v0000025ab0f0a9e0_0 .net "ctrl", 2 0, L_0000025ab0f0d8f0;  alias, 1 drivers
v0000025ab0f0b0c0_0 .net "diff", 7 0, L_0000025ab0f0fc90;  1 drivers
v0000025ab0f0a440_0 .net "diffsign", 0 0, L_0000025ab0f0f6f0;  1 drivers
v0000025ab0f0bca0_0 .net "result", 7 0, v0000025ab0e80a60_0;  alias, 1 drivers
v0000025ab0f0bd40_0 .net "slt", 7 0, L_0000025ab0f100f0;  1 drivers
v0000025ab0f0ac60_0 .net "zero", 0 0, L_0000025ab0f10f50;  alias, 1 drivers
E_0000025ab0e821e0/0 .event edge, v0000025ab0f0a9e0_0, v0000025ab0f0ab20_0, v0000025ab0f0b480_0, v0000025ab0f0b0c0_0;
E_0000025ab0e821e0/1 .event edge, v0000025ab0f0bd40_0;
E_0000025ab0e821e0 .event/or E_0000025ab0e821e0/0, E_0000025ab0e821e0/1;
L_0000025ab0f10c30 .concat [ 8 24 0 0], v0000025ab0e80a60_0, L_0000025ab1000358;
L_0000025ab0f10f50 .cmp/eq 32, L_0000025ab1000310, L_0000025ab0f10c30;
L_0000025ab0f0fc90 .arith/sub 8, v0000025ab0f0b980_0, L_0000025ab0f0d210;
L_0000025ab0f0f0b0 .part v0000025ab0f0b980_0, 7, 1;
L_0000025ab0f109b0 .part L_0000025ab0f0d210, 7, 1;
L_0000025ab0f0f6f0 .part L_0000025ab0f0fc90, 7, 1;
L_0000025ab0f100f0 .concat [ 1 7 0 0], L_0000025ab0eb27c0, L_0000025ab10003a0;
S_0000025ab0e9ce10 .scope module, "myControl" "control" 2 34, 4 3 0, S_0000025ab0e8aaf0;
 .timescale 0 0;
    .port_info 0 /INPUT 6 "opcode";
    .port_info 1 /OUTPUT 1 "regwrite";
    .port_info 2 /OUTPUT 1 "memwrite";
    .port_info 3 /OUTPUT 1 "rori";
    .port_info 4 /OUTPUT 1 "aluordm";
    .port_info 5 /OUTPUT 1 "branch";
    .port_info 6 /OUTPUT 3 "aluop";
L_0000025ab0eb2750 .functor OR 1, L_0000025ab0f10eb0, L_0000025ab0f0fb50, C4<0>, C4<0>;
v0000025ab0f0a260_0 .net *"_ivl_10", 0 0, L_0000025ab0f0fb50;  1 drivers
L_0000025ab1000160 .functor BUFT 1, C4<100>, C4<0>, C4<0>, C4<0>;
v0000025ab0f0ba20_0 .net/2u *"_ivl_14", 2 0, L_0000025ab1000160;  1 drivers
L_0000025ab10001a8 .functor BUFT 1, C4<000>, C4<0>, C4<0>, C4<0>;
v0000025ab0f0aee0_0 .net/2u *"_ivl_18", 2 0, L_0000025ab10001a8;  1 drivers
L_0000025ab10001f0 .functor BUFT 1, C4<010>, C4<0>, C4<0>, C4<0>;
v0000025ab0f0bac0_0 .net/2u *"_ivl_22", 2 0, L_0000025ab10001f0;  1 drivers
v0000025ab0f0b520_0 .net *"_ivl_7", 0 0, L_0000025ab0f10eb0;  1 drivers
L_0000025ab1000118 .functor BUFT 1, C4<001>, C4<0>, C4<0>, C4<0>;
v0000025ab0f0bb60_0 .net/2u *"_ivl_8", 2 0, L_0000025ab1000118;  1 drivers
v0000025ab0f0a940_0 .net "aluop", 2 0, L_0000025ab0f0d8f0;  alias, 1 drivers
v0000025ab0f0ada0_0 .net "aluordm", 0 0, L_0000025ab0f0d990;  alias, 1 drivers
v0000025ab0f0b3e0_0 .net "branch", 0 0, L_0000025ab0f107d0;  alias, 1 drivers
v0000025ab0f0ae40_0 .net "memwrite", 0 0, L_0000025ab0f10e10;  alias, 1 drivers
v0000025ab0f0bde0_0 .net "opcode", 5 0, L_0000025ab0f0f1f0;  1 drivers
v0000025ab0f0ad00_0 .net "regwrite", 0 0, L_0000025ab0eb2750;  alias, 1 drivers
v0000025ab0f0a300_0 .net "rori", 0 0, L_0000025ab0f0f150;  alias, 1 drivers
v0000025ab0f0a4e0_0 .net "type", 2 0, L_0000025ab0f0d490;  1 drivers
L_0000025ab0f0d490 .part L_0000025ab0f0f1f0, 3, 3;
L_0000025ab0f0d8f0 .part L_0000025ab0f0f1f0, 0, 3;
L_0000025ab0f0d990 .part L_0000025ab0f0f1f0, 5, 1;
L_0000025ab0f10eb0 .part L_0000025ab0f0f1f0, 5, 1;
L_0000025ab0f0fb50 .cmp/eq 3, L_0000025ab0f0d490, L_0000025ab1000118;
L_0000025ab0f0f150 .cmp/eq 3, L_0000025ab0f0d490, L_0000025ab1000160;
L_0000025ab0f107d0 .cmp/eq 3, L_0000025ab0f0d490, L_0000025ab10001a8;
L_0000025ab0f10e10 .cmp/eq 3, L_0000025ab0f0d490, L_0000025ab10001f0;
S_0000025ab0e9cfa0 .scope module, "myDm" "dm" 2 43, 5 3 0, S_0000025ab0e8aaf0;
 .timescale 0 0;
    .port_info 0 /INPUT 1 "clk";
    .port_info 1 /INPUT 1 "memwrite";
    .port_info 2 /INPUT 8 "address";
    .port_info 3 /INPUT 8 "writedata";
    .port_info 4 /OUTPUT 8 "readdata";
v0000025ab0f0a580_0 .net *"_ivl_0", 7 0, L_0000025ab0f0f830;  1 drivers
v0000025ab0f0a120_0 .net *"_ivl_2", 8 0, L_0000025ab0f10690;  1 drivers
L_0000025ab10003e8 .functor BUFT 1, C4<0>, C4<0>, C4<0>, C4<0>;
v0000025ab0f0a800_0 .net *"_ivl_5", 0 0, L_0000025ab10003e8;  1 drivers
v0000025ab0f0aa80_0 .net "address", 7 0, v0000025ab0f0b700_0;  alias, 1 drivers
v0000025ab0f0abc0_0 .net "clk", 0 0, v0000025ab0f0c4f0_0;  1 drivers
v0000025ab0f0af80 .array "memory", 127 0, 7 0;
v0000025ab0f0b020_0 .net "memwrite", 0 0, L_0000025ab0f10e10;  alias, 1 drivers
v0000025ab0f0b160_0 .net "readdata", 7 0, L_0000025ab0f0fd30;  alias, 1 drivers
v0000025ab0f0be80_0 .net "writedata", 7 0, v0000025ab0f0b980_0;  alias, 1 drivers
E_0000025ab0e81b20 .event posedge, v0000025ab0f0abc0_0;
L_0000025ab0f0f830 .array/port v0000025ab0f0af80, L_0000025ab0f10690;
L_0000025ab0f10690 .concat [ 8 1 0 0], v0000025ab0f0b700_0, L_0000025ab10003e8;
L_0000025ab0f0fd30 .functor MUXZ 8, L_0000025ab0f0f830, v0000025ab0f0b980_0, L_0000025ab0f10e10, C4<>;
S_0000025ab0e9e870 .scope module, "myIm" "im" 2 33, 6 3 0, S_0000025ab0e8aaf0;
 .timescale 0 0;
    .port_info 0 /INPUT 8 "address";
    .port_info 1 /OUTPUT 24 "instruction";
P_0000025ab0e82220 .param/str "IM_DATA" 0 6 7, "im_data.txt";
L_0000025ab0eb2b40 .functor BUFZ 24, L_0000025ab0f0d2b0, C4<000000000000000000000000>, C4<000000000000000000000000>, C4<000000000000000000000000>;
v0000025ab0f0b200_0 .net *"_ivl_0", 23 0, L_0000025ab0f0d2b0;  1 drivers
v0000025ab0f0bf20_0 .net *"_ivl_2", 9 0, L_0000025ab0f0d3f0;  1 drivers
L_0000025ab10000d0 .functor BUFT 1, C4<00>, C4<0>, C4<0>, C4<0>;
v0000025ab0f0b2a0_0 .net *"_ivl_5", 1 0, L_0000025ab10000d0;  1 drivers
v0000025ab0f0a080_0 .net "address", 7 0, v0000025ab0f0a6c0_0;  alias, 1 drivers
v0000025ab0f0b7a0_0 .net "instruction", 23 0, L_0000025ab0eb2b40;  alias, 1 drivers
v0000025ab0f0a620 .array "memory", 255 0, 23 0;
L_0000025ab0f0d2b0 .array/port v0000025ab0f0a620, L_0000025ab0f0d3f0;
L_0000025ab0f0d3f0 .concat [ 8 2 0 0], v0000025ab0f0a6c0_0, L_0000025ab10000d0;
S_0000025ab0e9ea00 .scope module, "myPc" "pc" 2 32, 7 3 0, S_0000025ab0e8aaf0;
 .timescale 0 0;
    .port_info 0 /INPUT 1 "clk";
    .port_info 1 /INPUT 8 "pcin";
    .port_info 2 /OUTPUT 8 "pcout";
v0000025ab0f0a6c0_0 .var "_pcout", 7 0;
v0000025ab0f0b340_0 .net "clk", 0 0, v0000025ab0f0c4f0_0;  alias, 1 drivers
v0000025ab0f0a760_0 .net "pcin", 7 0, L_0000025ab0f0d170;  alias, 1 drivers
v0000025ab0f0a1c0_0 .net "pcout", 7 0, v0000025ab0f0a6c0_0;  alias, 1 drivers
v0000025ab0f0b5c0_0 .var "reset", 0 0;
E_0000025ab0e82520/0 .event negedge, v0000025ab0f0abc0_0;
E_0000025ab0e82520/1 .event posedge, v0000025ab0f0b5c0_0;
E_0000025ab0e82520 .event/or E_0000025ab0e82520/0, E_0000025ab0e82520/1;
S_0000025ab0e9eb90 .scope module, "myRegisters" "registers" 2 37, 8 4 0, S_0000025ab0e8aaf0;
 .timescale 0 0;
    .port_info 0 /INPUT 1 "clk";
    .port_info 1 /INPUT 1 "regwrite";
    .port_info 2 /INPUT 5 "read1";
    .port_info 3 /INPUT 5 "read2";
    .port_info 4 /INPUT 5 "writereg";
    .port_info 5 /INPUT 8 "writedata";
    .port_info 6 /OUTPUT 8 "data1";
    .port_info 7 /OUTPUT 8 "data2";
    .port_info 8 /OUTPUT 8 "branchi";
    .port_info 9 /OUTPUT 8 "finalvalue";
v0000025ab0f0da30_1 .array/port v0000025ab0f0da30, 1;
L_0000025ab0eb2c20 .functor BUFZ 8, v0000025ab0f0da30_1, C4<00000000>, C4<00000000>, C4<00000000>;
v0000025ab0f0a8a0_0 .var "_branchi", 7 0;
v0000025ab0f0b980_0 .var "_data1", 7 0;
v0000025ab0f0b700_0 .var "_data2", 7 0;
v0000025ab0f0b660_0 .net *"_ivl_11", 7 0, L_0000025ab0f0fbf0;  1 drivers
v0000025ab0f0b840_0 .net *"_ivl_13", 6 0, L_0000025ab0f0f330;  1 drivers
L_0000025ab1000238 .functor BUFT 1, C4<00>, C4<0>, C4<0>, C4<0>;
v0000025ab0f0b8e0_0 .net *"_ivl_16", 1 0, L_0000025ab1000238;  1 drivers
v0000025ab0f0cc70_0 .net *"_ivl_20", 7 0, L_0000025ab0f0ffb0;  1 drivers
v0000025ab0f0cef0_0 .net *"_ivl_22", 6 0, L_0000025ab0f10870;  1 drivers
L_0000025ab1000280 .functor BUFT 1, C4<00>, C4<0>, C4<0>, C4<0>;
v0000025ab0f0d530_0 .net *"_ivl_25", 1 0, L_0000025ab1000280;  1 drivers
v0000025ab0f0d670_0 .net *"_ivl_29", 7 0, L_0000025ab0f10910;  1 drivers
v0000025ab0f0d5d0_0 .net *"_ivl_31", 6 0, L_0000025ab0f0fa10;  1 drivers
L_0000025ab10002c8 .functor BUFT 1, C4<00>, C4<0>, C4<0>, C4<0>;
v0000025ab0f0c1d0_0 .net *"_ivl_34", 1 0, L_0000025ab10002c8;  1 drivers
v0000025ab0f0c950_0 .net "branchi", 7 0, v0000025ab0f0a8a0_0;  alias, 1 drivers
v0000025ab0f0c630_0 .net "clk", 0 0, v0000025ab0f0c4f0_0;  alias, 1 drivers
v0000025ab0f0dcb0_0 .net "data1", 7 0, v0000025ab0f0b980_0;  alias, 1 drivers
v0000025ab0f0d850_0 .net "data2", 7 0, v0000025ab0f0b700_0;  alias, 1 drivers
v0000025ab0f0c130_0 .net "finalvalue", 7 0, L_0000025ab0eb2c20;  alias, 1 drivers
v0000025ab0f0cd10_0 .net "read1", 4 0, L_0000025ab0f10230;  1 drivers
v0000025ab0f0d710_0 .net "read2", 4 0, L_0000025ab0f0f3d0;  1 drivers
v0000025ab0f0da30 .array "regs", 0 31, 7 0;
v0000025ab0f0ddf0_0 .net "regwrite", 0 0, L_0000025ab0eb2750;  alias, 1 drivers
v0000025ab0f0dd50_0 .net "writedata", 7 0, L_0000025ab0f0dc10;  alias, 1 drivers
v0000025ab0f0c090_0 .net "writereg", 4 0, L_0000025ab0f0fab0;  1 drivers
E_0000025ab0e81fe0 .event edge, L_0000025ab0f10910, v0000025ab0f0c090_0;
E_0000025ab0e81860 .event edge, L_0000025ab0f0ffb0, v0000025ab0f0d710_0;
E_0000025ab0e822a0 .event edge, L_0000025ab0f0fbf0, v0000025ab0f0cd10_0;
L_0000025ab0f0fbf0 .array/port v0000025ab0f0da30, L_0000025ab0f0f330;
L_0000025ab0f0f330 .concat [ 5 2 0 0], L_0000025ab0f10230, L_0000025ab1000238;
L_0000025ab0f0ffb0 .array/port v0000025ab0f0da30, L_0000025ab0f10870;
L_0000025ab0f10870 .concat [ 5 2 0 0], L_0000025ab0f0f3d0, L_0000025ab1000280;
L_0000025ab0f10910 .array/port v0000025ab0f0da30, L_0000025ab0f0fa10;
L_0000025ab0f0fa10 .concat [ 5 2 0 0], L_0000025ab0f0fab0, L_0000025ab10002c8;
    .scope S_0000025ab0e9ea00;
T_0 ;
    %pushi/vec4 0, 0, 1;
    %store/vec4 v0000025ab0f0b5c0_0, 0, 1;
    %delay 1, 0;
    %pushi/vec4 1, 0, 1;
    %store/vec4 v0000025ab0f0b5c0_0, 0, 1;
    %delay 1, 0;
    %pushi/vec4 0, 0, 1;
    %store/vec4 v0000025ab0f0b5c0_0, 0, 1;
    %end;
    .thread T_0;
    .scope S_0000025ab0e9ea00;
T_1 ;
    %wait E_0000025ab0e82520;
    %load/vec4 v0000025ab0f0b5c0_0;
    %flag_set/vec4 8;
    %jmp/0xz  T_1.0, 8;
    %pushi/vec4 0, 0, 8;
    %store/vec4 v0000025ab0f0a6c0_0, 0, 8;
    %jmp T_1.1;
T_1.0 ;
    %load/vec4 v0000025ab0f0a760_0;
    %cmpi/e 255, 0, 8;
    %jmp/0xz  T_1.2, 4;
    %vpi_call 7 22 "$finish" {0 0 0};
    %jmp T_1.3;
T_1.2 ;
    %load/vec4 v0000025ab0f0a760_0;
    %store/vec4 v0000025ab0f0a6c0_0, 0, 8;
T_1.3 ;
T_1.1 ;
    %jmp T_1;
    .thread T_1;
    .scope S_0000025ab0e9e870;
T_2 ;
    %vpi_call 6 10 "$readmemh", P_0000025ab0e82220, v0000025ab0f0a620 {0 0 0};
    %end;
    .thread T_2;
    .scope S_0000025ab0e9eb90;
T_3 ;
    %wait E_0000025ab0e822a0;
    %load/vec4 v0000025ab0f0cd10_0;
    %cmpi/e 0, 0, 5;
    %jmp/0xz  T_3.0, 4;
    %pushi/vec4 0, 0, 8;
    %store/vec4 v0000025ab0f0b980_0, 0, 8;
    %jmp T_3.1;
T_3.0 ;
    %load/vec4 v0000025ab0f0cd10_0;
    %load/vec4 v0000025ab0f0c090_0;
    %cmp/e;
    %flag_get/vec4 4;
    %load/vec4 v0000025ab0f0ddf0_0;
    %and;
    %load/vec4 v0000025ab0f0c630_0;
    %and;
    %flag_set/vec4 8;
    %jmp/0xz  T_3.2, 8;
    %load/vec4 v0000025ab0f0dd50_0;
    %store/vec4 v0000025ab0f0b980_0, 0, 8;
    %jmp T_3.3;
T_3.2 ;
    %load/vec4 v0000025ab0f0cd10_0;
    %pad/u 7;
    %ix/vec4 4;
    %load/vec4a v0000025ab0f0da30, 4;
    %store/vec4 v0000025ab0f0b980_0, 0, 8;
T_3.3 ;
T_3.1 ;
    %jmp T_3;
    .thread T_3, $push;
    .scope S_0000025ab0e9eb90;
T_4 ;
    %wait E_0000025ab0e81860;
    %load/vec4 v0000025ab0f0d710_0;
    %cmpi/e 0, 0, 5;
    %jmp/0xz  T_4.0, 4;
    %pushi/vec4 0, 0, 8;
    %store/vec4 v0000025ab0f0b700_0, 0, 8;
    %jmp T_4.1;
T_4.0 ;
    %load/vec4 v0000025ab0f0d710_0;
    %load/vec4 v0000025ab0f0c090_0;
    %cmp/e;
    %flag_get/vec4 4;
    %load/vec4 v0000025ab0f0ddf0_0;
    %and;
    %load/vec4 v0000025ab0f0c630_0;
    %and;
    %flag_set/vec4 8;
    %jmp/0xz  T_4.2, 8;
    %load/vec4 v0000025ab0f0dd50_0;
    %store/vec4 v0000025ab0f0b700_0, 0, 8;
    %jmp T_4.3;
T_4.2 ;
    %load/vec4 v0000025ab0f0d710_0;
    %pad/u 7;
    %ix/vec4 4;
    %load/vec4a v0000025ab0f0da30, 4;
    %store/vec4 v0000025ab0f0b700_0, 0, 8;
T_4.3 ;
T_4.1 ;
    %jmp T_4;
    .thread T_4, $push;
    .scope S_0000025ab0e9eb90;
T_5 ;
    %wait E_0000025ab0e81fe0;
    %load/vec4 v0000025ab0f0c090_0;
    %cmpi/e 0, 0, 5;
    %jmp/0xz  T_5.0, 4;
    %pushi/vec4 0, 0, 8;
    %store/vec4 v0000025ab0f0a8a0_0, 0, 8;
    %jmp T_5.1;
T_5.0 ;
    %load/vec4 v0000025ab0f0c090_0;
    %pad/u 7;
    %ix/vec4 4;
    %load/vec4a v0000025ab0f0da30, 4;
    %store/vec4 v0000025ab0f0a8a0_0, 0, 8;
T_5.1 ;
    %jmp T_5;
    .thread T_5, $push;
    .scope S_0000025ab0e9eb90;
T_6 ;
    %wait E_0000025ab0e81b20;
    %load/vec4 v0000025ab0f0ddf0_0;
    %load/vec4 v0000025ab0f0c090_0;
    %pushi/vec4 0, 0, 5;
    %cmp/ne;
    %flag_get/vec4 4;
    %and;
    %flag_set/vec4 8;
    %jmp/0xz  T_6.0, 8;
    %load/vec4 v0000025ab0f0dd50_0;
    %load/vec4 v0000025ab0f0c090_0;
    %pad/u 7;
    %ix/vec4 3;
    %ix/load 4, 0, 0; Constant delay
    %assign/vec4/a/d v0000025ab0f0da30, 0, 4;
T_6.0 ;
    %jmp T_6;
    .thread T_6;
    .scope S_0000025ab0e8ac80;
T_7 ;
    %wait E_0000025ab0e821e0;
    %load/vec4 v0000025ab0f0a9e0_0;
    %dup/vec4;
    %pushi/vec4 0, 0, 3;
    %cmp/u;
    %jmp/1 T_7.0, 6;
    %dup/vec4;
    %pushi/vec4 1, 0, 3;
    %cmp/u;
    %jmp/1 T_7.1, 6;
    %dup/vec4;
    %pushi/vec4 2, 0, 3;
    %cmp/u;
    %jmp/1 T_7.2, 6;
    %dup/vec4;
    %pushi/vec4 3, 0, 3;
    %cmp/u;
    %jmp/1 T_7.3, 6;
    %dup/vec4;
    %pushi/vec4 4, 0, 3;
    %cmp/u;
    %jmp/1 T_7.4, 6;
    %dup/vec4;
    %pushi/vec4 5, 0, 3;
    %cmp/u;
    %jmp/1 T_7.5, 6;
    %dup/vec4;
    %pushi/vec4 6, 0, 3;
    %cmp/u;
    %jmp/1 T_7.6, 6;
    %pushi/vec4 0, 0, 8;
    %store/vec4 v0000025ab0e80a60_0, 0, 8;
    %jmp T_7.8;
T_7.0 ;
    %load/vec4 v0000025ab0f0ab20_0;
    %load/vec4 v0000025ab0f0b480_0;
    %add;
    %store/vec4 v0000025ab0e80a60_0, 0, 8;
    %jmp T_7.8;
T_7.1 ;
    %load/vec4 v0000025ab0f0b0c0_0;
    %store/vec4 v0000025ab0e80a60_0, 0, 8;
    %jmp T_7.8;
T_7.2 ;
    %load/vec4 v0000025ab0f0ab20_0;
    %load/vec4 v0000025ab0f0b480_0;
    %and;
    %store/vec4 v0000025ab0e80a60_0, 0, 8;
    %jmp T_7.8;
T_7.3 ;
    %load/vec4 v0000025ab0f0ab20_0;
    %load/vec4 v0000025ab0f0b480_0;
    %or;
    %store/vec4 v0000025ab0e80a60_0, 0, 8;
    %jmp T_7.8;
T_7.4 ;
    %load/vec4 v0000025ab0f0bd40_0;
    %store/vec4 v0000025ab0e80a60_0, 0, 8;
    %jmp T_7.8;
T_7.5 ;
    %load/vec4 v0000025ab0f0ab20_0;
    %ix/getv 4, v0000025ab0f0b480_0;
    %shiftl 4;
    %store/vec4 v0000025ab0e80a60_0, 0, 8;
    %jmp T_7.8;
T_7.6 ;
    %load/vec4 v0000025ab0f0ab20_0;
    %ix/getv 4, v0000025ab0f0b480_0;
    %shiftr 4;
    %store/vec4 v0000025ab0e80a60_0, 0, 8;
    %jmp T_7.8;
T_7.8 ;
    %pop/vec4 1;
    %jmp T_7;
    .thread T_7, $push;
    .scope S_0000025ab0e9cfa0;
T_8 ;
    %wait E_0000025ab0e81b20;
    %load/vec4 v0000025ab0f0b020_0;
    %flag_set/vec4 8;
    %jmp/0xz  T_8.0, 8;
    %load/vec4 v0000025ab0f0be80_0;
    %load/vec4 v0000025ab0f0aa80_0;
    %pad/u 9;
    %ix/vec4 3;
    %ix/load 4, 0, 0; Constant delay
    %assign/vec4/a/d v0000025ab0f0af80, 0, 4;
T_8.0 ;
    %jmp T_8;
    .thread T_8;
    .scope S_0000025ab0e8aaf0;
T_9 ;
    %pushi/vec4 0, 0, 1;
    %store/vec4 v0000025ab0f0c4f0_0, 0, 1;
T_9.0 ;
    %delay 10, 0;
    %load/vec4 v0000025ab0f0c4f0_0;
    %nor/r;
    %store/vec4 v0000025ab0f0c4f0_0, 0, 1;
    %jmp T_9.0;
    %end;
    .thread T_9;
    .scope S_0000025ab0e8aaf0;
T_10 ;
    %vpi_call 2 48 "$dumpfile", "gtk.vcd" {0 0 0};
    %vpi_call 2 49 "$dumpvars", 32'sb00000000000000000000000000000000, v0000025ab0f0c4f0_0, v0000025ab0f0cb30_0, v0000025ab0f0c270_0, v0000025ab0f0c450_0, v0000025ab0f0cbd0_0, v0000025ab0f0c590_0, v0000025ab0f0d030_0, v0000025ab0f0c3b0_0, v0000025ab0f0ce50_0, v0000025ab0f0ca90_0, v0000025ab0f0de90_0 {0 0 0};
    %vpi_call 2 50 "$monitor", "%8b", v0000025ab0f0c810_0 {0 0 0};
    %end;
    .thread T_10;
# The file index is used to find the file name in the following table.
:file_names 9;
    "N/A";
    "<interactive>";
    "datapath.v";
    "./alu.v";
    "./control.v";
    "./dm.v";
    "./im.v";
    "./pc.v";
    "./registers.v";
